0 info it worked if it ends with ok
1 verbose cli [ 'c:\\Program Files\\nodejs\\node.exe',
1 verbose cli   'c:\\Program Files\\nodejs\\node_modules\\npm\\bin\\npm-cli.js',
1 verbose cli   'run',
1 verbose cli   'build' ]
2 info using npm@1.4.21
3 info using node@v0.10.30
4 verbose run-script [ 'prebuild', 'build', 'postbuild' ]
5 info prebuild @
6 info build @
7 verbose unsafe-perm in lifecycle true
8 info @ Failed to exec build script
9 error @ build: `browserify --debug ./app/js/main.js --basedir ../ | exorcist app/bundle.js.map | uglifyjs -cm > app/bundle.js`
9 error Exit status 1
10 error Failed at the @ build script.
10 error This is most likely a problem with the  package,
10 error not with npm itself.
10 error Tell the author that this fails on your system:
10 error     browserify --debug ./app/js/main.js --basedir ../ | exorcist app/bundle.js.map | uglifyjs -cm > app/bundle.js
10 error You can get their info via:
10 error     npm owner ls
10 error There is likely additional logging output above.
11 error System Windows_NT 6.1.7601
12 error command "c:\\Program Files\\nodejs\\node.exe" "c:\\Program Files\\nodejs\\node_modules\\npm\\bin\\npm-cli.js" "run" "build"
13 error cwd c:\Users\gdrouet\Dropbox\github\js-html-kanban\nodeapp
14 error node -v v0.10.30
15 error npm -v 1.4.21
16 error code ELIFECYCLE
17 verbose exit [ 1, true ]
